Using pre-set license
Built from '2020.3/staging' branch; Version is '2020.3.18f1 (a7d1c678663c) revision 10998214'; Using compiler version '192528614'; Build Type 'Release'
OS: 'Windows 8.1  (6.3.0) 64bit' Language: 'es' Physical Memory: 3973 MB
BatchMode: 1, IsHumanControllingUs: 0, StartBugReporterOnCrash: 0, Is64bit: 1, IsPro: 0

COMMAND LINE ARGUMENTS:
C:\Program Files\Unity\Hub\Editor\2020.3.18f1\Editor\Unity.exe
-adb2
-batchMode
-noUpm
-name
AssetImportWorker0
-projectPath
C:/Users/fabian19/unity/proyect_v3
-logFile
Logs/AssetImportWorker0.log
-srvPort
58846
Successfully changed project path to: C:/Users/fabian19/unity/proyect_v3
C:/Users/fabian19/unity/proyect_v3
Using Asset Import Pipeline V2.
Refreshing native plugins compatible for Editor in 221.33 ms, found 2 plugins.
Preloading 0 native plugins for Editor in 0.00 ms.
Initialize engine version: 2020.3.18f1 (a7d1c678663c)
[Subsystems] Discovering subsystems at path C:/Program Files/Unity/Hub/Editor/2020.3.18f1/Editor/Data/Resources/UnitySubsystems
[Subsystems] Discovering subsystems at path C:/Users/fabian19/unity/proyect_v3/Assets
GfxDevice: creating device client; threaded=0
d3d11: QueryInterface(IDXGIFactory5) failed (80004002).
Direct3D:
    Version:  Direct3D 11.0 [level 11.0]
    Renderer: Intel(R) HD Graphics (ID=0xf31)
    Vendor:   
    VRAM:     1728 MB
    Driver:   10.18.10.5161
Initialize mono
Mono path[0] = 'C:/Program Files/Unity/Hub/Editor/2020.3.18f1/Editor/Data/Managed'
Mono path[1] = 'C:/Program Files/Unity/Hub/Editor/2020.3.18f1/Editor/Data/MonoBleedingEdge/lib/mono/unityjit'
Mono config path = 'C:/Program Files/Unity/Hub/Editor/2020.3.18f1/Editor/Data/MonoBleedingEdge/etc'
Using monoOptions --debugger-agent=transport=dt_socket,embedding=1,server=y,suspend=n,address=127.0.0.1:56888
Begin MonoManager ReloadAssembly
Registering precompiled unity dll's ...
Register platform support module: C:/Program Files/Unity/Hub/Editor/2020.3.18f1/Editor/Data/PlaybackEngines/WindowsStandaloneSupport/UnityEditor.WindowsStandalone.Extensions.dll
Registered in 0.012234 seconds.
Native extension for WindowsStandalone target not found
Refreshing native plugins compatible for Editor in 271.29 ms, found 2 plugins.
Preloading 0 native plugins for Editor in 0.00 ms.
Mono: successfully reloaded assembly
- Completed reload, in 10.383 seconds
Domain Reload Profiling:
	ReloadAssembly (10384ms)
		BeginReloadAssembly (294ms)
			ExecutionOrderSort (0ms)
			DisableScriptedObjects (0ms)
			BackupInstance (0ms)
			ReleaseScriptingObjects (0ms)
			CreateAndSetChildDomain (3ms)
		EndReloadAssembly (2525ms)
			LoadAssemblies (287ms)
			RebuildTransferFunctionScriptingTraits (1ms)
			SetupTypeCache (971ms)
			ReleaseScriptCaches (0ms)
			RebuildScriptCaches (234ms)
			SetupLoadedEditorAssemblies (972ms)
				LogAssemblyErrors (0ms)
				InitializePlatformSupportModulesInManaged (16ms)
				SetLoadedEditorAssemblies (1ms)
				RefreshPlugins (272ms)
				BeforeProcessingInitializeOnLoad (100ms)
				ProcessInitializeOnLoadAttributes (428ms)
				ProcessInitializeOnLoadMethodAttributes (153ms)
				AfterProcessingInitializeOnLoad (0ms)
				EditorAssembliesLoaded (3ms)
			ExecutionOrderSort2 (0ms)
			AwakeInstancesAfterBackupRestoration (0ms)
Platform modules already initialized, skipping
Registering precompiled user dll's ...
Registered in 0.013332 seconds.
Begin MonoManager ReloadAssembly
Native extension for WindowsStandalone target not found
Refreshing native plugins compatible for Editor in 1.36 ms, found 2 plugins.
Preloading 0 native plugins for Editor in 0.00 ms.
Mono: successfully reloaded assembly
- Completed reload, in  7.677 seconds
Domain Reload Profiling:
	ReloadAssembly (7680ms)
		BeginReloadAssembly (937ms)
			ExecutionOrderSort (0ms)
			DisableScriptedObjects (25ms)
			BackupInstance (0ms)
			ReleaseScriptingObjects (0ms)
			CreateAndSetChildDomain (98ms)
		EndReloadAssembly (6410ms)
			LoadAssemblies (695ms)
			RebuildTransferFunctionScriptingTraits (0ms)
			SetupTypeCache (1771ms)
			ReleaseScriptCaches (2ms)
			RebuildScriptCaches (297ms)
			SetupLoadedEditorAssemblies (2775ms)
				LogAssemblyErrors (0ms)
				InitializePlatformSupportModulesInManaged (22ms)
				SetLoadedEditorAssemblies (2ms)
				RefreshPlugins (2ms)
				BeforeProcessingInitializeOnLoad (537ms)
				ProcessInitializeOnLoadAttributes (2119ms)
				ProcessInitializeOnLoadMethodAttributes (46ms)
				AfterProcessingInitializeOnLoad (46ms)
				EditorAssembliesLoaded (1ms)
			ExecutionOrderSort2 (0ms)
			AwakeInstancesAfterBackupRestoration (71ms)
Platform modules already initialized, skipping
========================================================================
Worker process is ready to serve import requests
Launched and connected shader compiler UnityShaderCompiler.exe after 0.21 seconds
Refreshing native plugins compatible for Editor in 1.44 ms, found 2 plugins.
Preloading 0 native plugins for Editor in 0.00 ms.
Unloading 1528 Unused Serialized files (Serialized files now loaded: 0)
System memory in use before: 89.6 MB.
System memory in use after: 89.3 MB.

Unloading 18 unused Assets to reduce memory usage. Loaded Objects now: 1982.
Total: 12.915351 ms (FindLiveObjects: 0.663553 ms CreateObjectMapping: 0.212130 ms MarkObjects: 10.893002 ms  DeleteObjects: 1.141492 ms)

AssetImportParameters requested are different than current active one (requested -> active):
  custom:framework-win-MediaFoundation: 216162199b28c13a410421893ffa2e32 -> 
  custom:video-decoder-ogg-theora: a1e56fd34408186e4bbccfd4996cb3dc -> 
  custom:container-muxer-webm: aa71ff27fc2769a1b78a27578f13a17b -> 
  custom:container-demuxer-webm: 4f35f7cbe854078d1ac9338744f61a02 -> 
  custom:container-demuxer-ogg: 62fdf1f143b41e24485cea50d1cbac27 -> 
  custom:video-encoder-webm-vp8: eb34c28f22e8b96e1ab97ce403110664 -> 
  custom:video-decoder-webm-vp8: 9c59270c3fd7afecdb556c50c9e8de78 -> 
  custom:audio-decoder-ogg-vorbis: bf7c407c2cedff20999df2af8eb42d56 -> 
  custom:audio-encoder-webm-vorbis: bf7c407c2cedff20999df2af8eb42d56 -> 
========================================================================
Received Import Request.
  path: Assets/Prefats/aj@Walking.fbx
  artifactKey: Guid(73ba55ef2ea2e454eaa27540c152284b) Importer(815301076,1909f56bfc062723c751e8b465ee728b)
Start importing Assets/Prefats/aj@Walking.fbx using Guid(73ba55ef2ea2e454eaa27540c152284b) Importer(815301076,1909f56bfc062723c751e8b465ee728b)  -> (artifact id: '2eee10f6fa4f99f3cab1d1430b5fc39f') in 3.019614 seconds 
  Import took 3.031856 seconds .

========================================================================
Received Import Request.
  Time since last request: 59.212707 seconds.
  path: Assets/Scenes/SampleScene.unity
  artifactKey: Guid(9fc0d4010bbf28b4594072e72b8655ab) Importer(815301076,1909f56bfc062723c751e8b465ee728b)
Start importing Assets/Scenes/SampleScene.unity using Guid(9fc0d4010bbf28b4594072e72b8655ab) Importer(815301076,1909f56bfc062723c751e8b465ee728b)  -> (artifact id: '3d0a00a5f7e7979c22c6c8ad1eeef0e9') in 0.087537 seconds 
  Import took 0.100202 seconds .

========================================================================
Received Import Request.
  Time since last request: 3.999832 seconds.
  path: Assets/Script/ControlPersonaje.cs
  artifactKey: Guid(576ed5048512a1b4497775928adef8b7) Importer(815301076,1909f56bfc062723c751e8b465ee728b)
Start importing Assets/Script/ControlPersonaje.cs using Guid(576ed5048512a1b4497775928adef8b7) Importer(815301076,1909f56bfc062723c751e8b465ee728b)  -> (artifact id: 'c1880faaa93c3f7c64f82151cb4a3c8d') in 0.102124 seconds 
  Import took 0.111674 seconds .

========================================================================
Received Prepare
Registering precompiled user dll's ...
Registered in 0.062435 seconds.
Begin MonoManager ReloadAssembly
Native extension for WindowsStandalone target not found
Refreshing native plugins compatible for Editor in 1.39 ms, found 2 plugins.
Preloading 0 native plugins for Editor in 0.00 ms.
Mono: successfully reloaded assembly
- Completed reload, in  6.082 seconds
Domain Reload Profiling:
	ReloadAssembly (6084ms)
		BeginReloadAssembly (572ms)
			ExecutionOrderSort (0ms)
			DisableScriptedObjects (20ms)
			BackupInstance (0ms)
			ReleaseScriptingObjects (0ms)
			CreateAndSetChildDomain (155ms)
		EndReloadAssembly (5181ms)
			LoadAssemblies (539ms)
			RebuildTransferFunctionScriptingTraits (0ms)
			SetupTypeCache (1494ms)
			ReleaseScriptCaches (2ms)
			RebuildScriptCaches (218ms)
			SetupLoadedEditorAssemblies (2334ms)
				LogAssemblyErrors (0ms)
				InitializePlatformSupportModulesInManaged (24ms)
				SetLoadedEditorAssemblies (2ms)
				RefreshPlugins (2ms)
				BeforeProcessingInitializeOnLoad (443ms)
				ProcessInitializeOnLoadAttributes (1816ms)
				ProcessInitializeOnLoadMethodAttributes (21ms)
				AfterProcessingInitializeOnLoad (25ms)
				EditorAssembliesLoaded (1ms)
			ExecutionOrderSort2 (0ms)
			AwakeInstancesAfterBackupRestoration (38ms)
Platform modules already initialized, skipping
Refreshing native plugins compatible for Editor in 5.69 ms, found 2 plugins.
Preloading 0 native plugins for Editor in 0.00 ms.
Unloading 1502 Unused Serialized files (Serialized files now loaded: 0)
System memory in use before: 104.4 MB.
System memory in use after: 104.1 MB.

Unloading 13 unused Assets to reduce memory usage. Loaded Objects now: 2028.
Total: 59.960989 ms (FindLiveObjects: 0.650618 ms CreateObjectMapping: 0.225065 ms MarkObjects: 58.089330 ms  DeleteObjects: 0.992742 ms)

AssetImportParameters requested are different than current active one (requested -> active):
  custom:framework-win-MediaFoundation: 216162199b28c13a410421893ffa2e32 -> 
  custom:video-decoder-ogg-theora: a1e56fd34408186e4bbccfd4996cb3dc -> 
  custom:container-muxer-webm: aa71ff27fc2769a1b78a27578f13a17b -> 
  custom:container-demuxer-webm: 4f35f7cbe854078d1ac9338744f61a02 -> 
  custom:container-demuxer-ogg: 62fdf1f143b41e24485cea50d1cbac27 -> 
  custom:video-encoder-webm-vp8: eb34c28f22e8b96e1ab97ce403110664 -> 
  custom:video-decoder-webm-vp8: 9c59270c3fd7afecdb556c50c9e8de78 -> 
  custom:audio-decoder-ogg-vorbis: bf7c407c2cedff20999df2af8eb42d56 -> 
  custom:audio-encoder-webm-vorbis: bf7c407c2cedff20999df2af8eb42d56 -> 
========================================================================
Received Prepare
Registering precompiled user dll's ...
Registered in 0.013937 seconds.
Begin MonoManager ReloadAssembly
Native extension for WindowsStandalone target not found
Refreshing native plugins compatible for Editor in 1.32 ms, found 2 plugins.
Preloading 0 native plugins for Editor in 0.00 ms.
Mono: successfully reloaded assembly
- Completed reload, in  5.861 seconds
Domain Reload Profiling:
	ReloadAssembly (5862ms)
		BeginReloadAssembly (676ms)
			ExecutionOrderSort (0ms)
			DisableScriptedObjects (33ms)
			BackupInstance (0ms)
			ReleaseScriptingObjects (0ms)
			CreateAndSetChildDomain (131ms)
		EndReloadAssembly (4876ms)
			LoadAssemblies (651ms)
			RebuildTransferFunctionScriptingTraits (0ms)
			SetupTypeCache (1701ms)
			ReleaseScriptCaches (2ms)
			RebuildScriptCaches (268ms)
			SetupLoadedEditorAssemblies (1774ms)
				LogAssemblyErrors (0ms)
				InitializePlatformSupportModulesInManaged (22ms)
				SetLoadedEditorAssemblies (3ms)
				RefreshPlugins (2ms)
				BeforeProcessingInitializeOnLoad (459ms)
				ProcessInitializeOnLoadAttributes (1234ms)
				ProcessInitializeOnLoadMethodAttributes (24ms)
				AfterProcessingInitializeOnLoad (28ms)
				EditorAssembliesLoaded (3ms)
			ExecutionOrderSort2 (0ms)
			AwakeInstancesAfterBackupRestoration (38ms)
Platform modules already initialized, skipping
Refreshing native plugins compatible for Editor in 1.30 ms, found 2 plugins.
Preloading 0 native plugins for Editor in 0.00 ms.
Unloading 1502 Unused Serialized files (Serialized files now loaded: 0)
System memory in use before: 104.4 MB.
System memory in use after: 104.2 MB.

Unloading 13 unused Assets to reduce memory usage. Loaded Objects now: 2030.
Total: 13.259416 ms (FindLiveObjects: 1.167361 ms CreateObjectMapping: 0.790960 ms MarkObjects: 10.260493 ms  DeleteObjects: 1.036074 ms)

AssetImportParameters requested are different than current active one (requested -> active):
  custom:framework-win-MediaFoundation: 216162199b28c13a410421893ffa2e32 -> 
  custom:video-decoder-ogg-theora: a1e56fd34408186e4bbccfd4996cb3dc -> 
  custom:container-muxer-webm: aa71ff27fc2769a1b78a27578f13a17b -> 
  custom:container-demuxer-webm: 4f35f7cbe854078d1ac9338744f61a02 -> 
  custom:container-demuxer-ogg: 62fdf1f143b41e24485cea50d1cbac27 -> 
  custom:video-encoder-webm-vp8: eb34c28f22e8b96e1ab97ce403110664 -> 
  custom:video-decoder-webm-vp8: 9c59270c3fd7afecdb556c50c9e8de78 -> 
  custom:audio-decoder-ogg-vorbis: bf7c407c2cedff20999df2af8eb42d56 -> 
  custom:audio-encoder-webm-vorbis: bf7c407c2cedff20999df2af8eb42d56 -> 
========================================================================
Received Prepare
Registering precompiled user dll's ...
Registered in 0.040530 seconds.
Begin MonoManager ReloadAssembly
Native extension for WindowsStandalone target not found
Refreshing native plugins compatible for Editor in 1.33 ms, found 2 plugins.
Preloading 0 native plugins for Editor in 0.00 ms.
Mono: successfully reloaded assembly
- Completed reload, in  5.890 seconds
Domain Reload Profiling:
	ReloadAssembly (5892ms)
		BeginReloadAssembly (531ms)
			ExecutionOrderSort (0ms)
			DisableScriptedObjects (28ms)
			BackupInstance (0ms)
			ReleaseScriptingObjects (0ms)
			CreateAndSetChildDomain (110ms)
		EndReloadAssembly (4992ms)
			LoadAssemblies (605ms)
			RebuildTransferFunctionScriptingTraits (0ms)
			SetupTypeCache (2252ms)
			ReleaseScriptCaches (4ms)
			RebuildScriptCaches (242ms)
			SetupLoadedEditorAssemblies (1419ms)
				LogAssemblyErrors (0ms)
				InitializePlatformSupportModulesInManaged (22ms)
				SetLoadedEditorAssemblies (2ms)
				RefreshPlugins (2ms)
				BeforeProcessingInitializeOnLoad (443ms)
				ProcessInitializeOnLoadAttributes (909ms)
				ProcessInitializeOnLoadMethodAttributes (18ms)
				AfterProcessingInitializeOnLoad (22ms)
				EditorAssembliesLoaded (1ms)
			ExecutionOrderSort2 (0ms)
			AwakeInstancesAfterBackupRestoration (33ms)
Platform modules already initialized, skipping
Refreshing native plugins compatible for Editor in 1.64 ms, found 2 plugins.
Preloading 0 native plugins for Editor in 0.00 ms.
Unloading 1502 Unused Serialized files (Serialized files now loaded: 0)
System memory in use before: 104.5 MB.
System memory in use after: 104.2 MB.

Unloading 13 unused Assets to reduce memory usage. Loaded Objects now: 2032.
Total: 14.386033 ms (FindLiveObjects: 1.083932 ms CreateObjectMapping: 0.313021 ms MarkObjects: 11.149757 ms  DeleteObjects: 1.833501 ms)

AssetImportParameters requested are different than current active one (requested -> active):
  custom:framework-win-MediaFoundation: 216162199b28c13a410421893ffa2e32 -> 
  custom:video-decoder-ogg-theora: a1e56fd34408186e4bbccfd4996cb3dc -> 
  custom:container-muxer-webm: aa71ff27fc2769a1b78a27578f13a17b -> 
  custom:container-demuxer-webm: 4f35f7cbe854078d1ac9338744f61a02 -> 
  custom:container-demuxer-ogg: 62fdf1f143b41e24485cea50d1cbac27 -> 
  custom:video-encoder-webm-vp8: eb34c28f22e8b96e1ab97ce403110664 -> 
  custom:video-decoder-webm-vp8: 9c59270c3fd7afecdb556c50c9e8de78 -> 
  custom:audio-decoder-ogg-vorbis: bf7c407c2cedff20999df2af8eb42d56 -> 
  custom:audio-encoder-webm-vorbis: bf7c407c2cedff20999df2af8eb42d56 -> 
========================================================================
Received Import Request.
  Time since last request: 459.538604 seconds.
  path: Assets/Texturas/Suelo
  artifactKey: Guid(ceb273c9e7904fa498ff9cce6de38bfc) Importer(815301076,1909f56bfc062723c751e8b465ee728b)
Start importing Assets/Texturas/Suelo using Guid(ceb273c9e7904fa498ff9cce6de38bfc) Importer(815301076,1909f56bfc062723c751e8b465ee728b)  -> (artifact id: 'dce3f84d2e8287cc0a7f1c981a0edc23') in 0.128661 seconds 
  Import took 0.139236 seconds .

========================================================================
Received Prepare
Registering precompiled user dll's ...
Registered in 0.020013 seconds.
Begin MonoManager ReloadAssembly
Native extension for WindowsStandalone target not found
Refreshing native plugins compatible for Editor in 1.77 ms, found 2 plugins.
Preloading 0 native plugins for Editor in 0.00 ms.
Mono: successfully reloaded assembly
- Completed reload, in  6.139 seconds
Domain Reload Profiling:
	ReloadAssembly (6141ms)
		BeginReloadAssembly (533ms)
			ExecutionOrderSort (0ms)
			DisableScriptedObjects (25ms)
			BackupInstance (0ms)
			ReleaseScriptingObjects (0ms)
			CreateAndSetChildDomain (150ms)
		EndReloadAssembly (5298ms)
			LoadAssemblies (522ms)
			RebuildTransferFunctionScriptingTraits (0ms)
			SetupTypeCache (1590ms)
			ReleaseScriptCaches (3ms)
			RebuildScriptCaches (248ms)
			SetupLoadedEditorAssemblies (2082ms)
				LogAssemblyErrors (0ms)
				InitializePlatformSupportModulesInManaged (30ms)
				SetLoadedEditorAssemblies (2ms)
				RefreshPlugins (2ms)
				BeforeProcessingInitializeOnLoad (733ms)
				ProcessInitializeOnLoadAttributes (1269ms)
				ProcessInitializeOnLoadMethodAttributes (19ms)
				AfterProcessingInitializeOnLoad (25ms)
				EditorAssembliesLoaded (1ms)
			ExecutionOrderSort2 (0ms)
			AwakeInstancesAfterBackupRestoration (53ms)
Platform modules already initialized, skipping
Refreshing native plugins compatible for Editor in 1.43 ms, found 2 plugins.
Preloading 0 native plugins for Editor in 0.00 ms.
Unloading 1502 Unused Serialized files (Serialized files now loaded: 0)
System memory in use before: 104.5 MB.
System memory in use after: 104.2 MB.

Unloading 13 unused Assets to reduce memory usage. Loaded Objects now: 2034.
Total: 36.079554 ms (FindLiveObjects: 4.150116 ms CreateObjectMapping: 6.770697 ms MarkObjects: 23.748207 ms  DeleteObjects: 1.402774 ms)

AssetImportParameters requested are different than current active one (requested -> active):
  custom:framework-win-MediaFoundation: 216162199b28c13a410421893ffa2e32 -> 
  custom:video-decoder-ogg-theora: a1e56fd34408186e4bbccfd4996cb3dc -> 
  custom:container-muxer-webm: aa71ff27fc2769a1b78a27578f13a17b -> 
  custom:container-demuxer-webm: 4f35f7cbe854078d1ac9338744f61a02 -> 
  custom:container-demuxer-ogg: 62fdf1f143b41e24485cea50d1cbac27 -> 
  custom:video-encoder-webm-vp8: eb34c28f22e8b96e1ab97ce403110664 -> 
  custom:video-decoder-webm-vp8: 9c59270c3fd7afecdb556c50c9e8de78 -> 
  custom:audio-decoder-ogg-vorbis: bf7c407c2cedff20999df2af8eb42d56 -> 
  custom:audio-encoder-webm-vorbis: bf7c407c2cedff20999df2af8eb42d56 -> 
========================================================================
Received Prepare
Registering precompiled user dll's ...
Registered in 0.013640 seconds.
Begin MonoManager ReloadAssembly
Native extension for WindowsStandalone target not found
Refreshing native plugins compatible for Editor in 1.40 ms, found 2 plugins.
Preloading 0 native plugins for Editor in 0.00 ms.
Mono: successfully reloaded assembly
- Completed reload, in  5.740 seconds
Domain Reload Profiling:
	ReloadAssembly (5742ms)
		BeginReloadAssembly (856ms)
			ExecutionOrderSort (0ms)
			DisableScriptedObjects (29ms)
			BackupInstance (0ms)
			ReleaseScriptingObjects (0ms)
			CreateAndSetChildDomain (202ms)
		EndReloadAssembly (4480ms)
			LoadAssemblies (754ms)
			RebuildTransferFunctionScriptingTraits (0ms)
			SetupTypeCache (1728ms)
			ReleaseScriptCaches (7ms)
			RebuildScriptCaches (209ms)
			SetupLoadedEditorAssemblies (1417ms)
				LogAssemblyErrors (0ms)
				InitializePlatformSupportModulesInManaged (22ms)
				SetLoadedEditorAssemblies (2ms)
				RefreshPlugins (2ms)
				BeforeProcessingInitializeOnLoad (376ms)
				ProcessInitializeOnLoadAttributes (927ms)
				ProcessInitializeOnLoadMethodAttributes (51ms)
				AfterProcessingInitializeOnLoad (37ms)
				EditorAssembliesLoaded (1ms)
			ExecutionOrderSort2 (0ms)
			AwakeInstancesAfterBackupRestoration (33ms)
Platform modules already initialized, skipping
Refreshing native plugins compatible for Editor in 1.81 ms, found 2 plugins.
Preloading 0 native plugins for Editor in 0.00 ms.
Unloading 1502 Unused Serialized files (Serialized files now loaded: 0)
System memory in use before: 104.6 MB.
System memory in use after: 104.2 MB.

Unloading 13 unused Assets to reduce memory usage. Loaded Objects now: 2036.
Total: 36.582716 ms (FindLiveObjects: 0.653205 ms CreateObjectMapping: 1.086519 ms MarkObjects: 33.508125 ms  DeleteObjects: 1.330339 ms)

AssetImportParameters requested are different than current active one (requested -> active):
  custom:framework-win-MediaFoundation: 216162199b28c13a410421893ffa2e32 -> 
  custom:video-decoder-ogg-theora: a1e56fd34408186e4bbccfd4996cb3dc -> 
  custom:container-muxer-webm: aa71ff27fc2769a1b78a27578f13a17b -> 
  custom:container-demuxer-webm: 4f35f7cbe854078d1ac9338744f61a02 -> 
  custom:container-demuxer-ogg: 62fdf1f143b41e24485cea50d1cbac27 -> 
  custom:video-encoder-webm-vp8: eb34c28f22e8b96e1ab97ce403110664 -> 
  custom:video-decoder-webm-vp8: 9c59270c3fd7afecdb556c50c9e8de78 -> 
  custom:audio-decoder-ogg-vorbis: bf7c407c2cedff20999df2af8eb42d56 -> 
  custom:audio-encoder-webm-vorbis: bf7c407c2cedff20999df2af8eb42d56 -> 
========================================================================
Received Import Request.
  Time since last request: 3865.253019 seconds.
  path: Assets/PaquetesExternos/Low Poly Graveyard/Models/tombstonesign.FBX
  artifactKey: Guid(2c718e3a5b145ac4fb36a2563ae9289b) Importer(815301076,1909f56bfc062723c751e8b465ee728b)
Start importing Assets/PaquetesExternos/Low Poly Graveyard/Models/tombstonesign.FBX using Guid(2c718e3a5b145ac4fb36a2563ae9289b) Importer(815301076,1909f56bfc062723c751e8b465ee728b)  -> (artifact id: 'f2a15a1a6df21d6fc5b53e26af7de53a') in 4.077427 seconds 
  Import took 4.167539 seconds .

========================================================================
Received Import Request.
  Time since last request: 0.001094 seconds.
  path: Assets/PaquetesExternos/Low Poly Graveyard/Models/buried grave2.FBX
  artifactKey: Guid(49362c86a9100494ba6ed42f14ed8681) Importer(815301076,1909f56bfc062723c751e8b465ee728b)
Start importing Assets/PaquetesExternos/Low Poly Graveyard/Models/buried grave2.FBX using Guid(49362c86a9100494ba6ed42f14ed8681) Importer(815301076,1909f56bfc062723c751e8b465ee728b)  -> (artifact id: '86c20c8855cecdab19ca5faf1e7a4178') in 0.265443 seconds 
  Import took 0.276343 seconds .

========================================================================
Received Import Request.
  Time since last request: 0.039380 seconds.
  path: Assets/PaquetesExternos/Low Poly Graveyard/Models/fence.FBX
  artifactKey: Guid(7e90d28270482f043a447a5dd10de4a2) Importer(815301076,1909f56bfc062723c751e8b465ee728b)
Start importing Assets/PaquetesExternos/Low Poly Graveyard/Models/fence.FBX using Guid(7e90d28270482f043a447a5dd10de4a2) Importer(815301076,1909f56bfc062723c751e8b465ee728b)  -> (artifact id: 'aeacaaceea01eef7a572701e692e5f77') in 0.117035 seconds 
  Import took 0.210840 seconds .

========================================================================
Received Import Request.
  Time since last request: 0.001124 seconds.
  path: Assets/PaquetesExternos/Low Poly Graveyard/Models/tombstone3.FBX
  artifactKey: Guid(f2b30a540021a944f96a8d66fbc41467) Importer(815301076,1909f56bfc062723c751e8b465ee728b)
Start importing Assets/PaquetesExternos/Low Poly Graveyard/Models/tombstone3.FBX using Guid(f2b30a540021a944f96a8d66fbc41467) Importer(815301076,1909f56bfc062723c751e8b465ee728b)  -> (artifact id: '19d40cc39b70117f94d616e0b6e61339') in 0.194806 seconds 
  Import took 0.206181 seconds .

========================================================================
Received Import Request.
  Time since last request: 0.000969 seconds.
  path: Assets/PaquetesExternos/Low Poly Graveyard/Models/grave3.FBX
  artifactKey: Guid(1af1a7d58a5260a46bc2228147f238ab) Importer(815301076,1909f56bfc062723c751e8b465ee728b)
Start importing Assets/PaquetesExternos/Low Poly Graveyard/Models/grave3.FBX using Guid(1af1a7d58a5260a46bc2228147f238ab) Importer(815301076,1909f56bfc062723c751e8b465ee728b)  -> (artifact id: '7b118199fe0b293fc46a63ae04473f8f') in 0.222207 seconds 
  Import took 0.417645 seconds .

========================================================================
Received Import Request.
  Time since last request: 0.000779 seconds.
  path: Assets/PaquetesExternos/Low Poly Graveyard/Models/grave1.FBX
  artifactKey: Guid(586f70de42e26434281b438d7d19e6cf) Importer(815301076,1909f56bfc062723c751e8b465ee728b)
Start importing Assets/PaquetesExternos/Low Poly Graveyard/Models/grave1.FBX using Guid(586f70de42e26434281b438d7d19e6cf) Importer(815301076,1909f56bfc062723c751e8b465ee728b)  -> (artifact id: '347bca1af41034c6e46bf3c72b82d4e9') in 0.234228 seconds 
  Import took 0.267647 seconds .

========================================================================
Received Import Request.
  Time since last request: 0.000704 seconds.
  path: Assets/PaquetesExternos/Low Poly Graveyard/Models/brokencross3.FBX
  artifactKey: Guid(967ba5a07fdbb85439dc6f3d374d0fad) Importer(815301076,1909f56bfc062723c751e8b465ee728b)
Start importing Assets/PaquetesExternos/Low Poly Graveyard/Models/brokencross3.FBX using Guid(967ba5a07fdbb85439dc6f3d374d0fad) Importer(815301076,1909f56bfc062723c751e8b465ee728b)  -> (artifact id: '53edd715dad240d1524159f8d827144d') in 0.423768 seconds 
  Import took 0.458435 seconds .

========================================================================
Received Import Request.
  Time since last request: 0.000887 seconds.
  path: Assets/PaquetesExternos/Low Poly Graveyard/Models/grave4.FBX
  artifactKey: Guid(4836a4157f6067447a2b7bab0478adfc) Importer(815301076,1909f56bfc062723c751e8b465ee728b)
Start importing Assets/PaquetesExternos/Low Poly Graveyard/Models/grave4.FBX using Guid(4836a4157f6067447a2b7bab0478adfc) Importer(815301076,1909f56bfc062723c751e8b465ee728b)  -> (artifact id: 'd3988b3a5f25c86018f5add580350ffd') in 0.256187 seconds 
  Import took 0.278340 seconds .

========================================================================
Received Import Request.
  Time since last request: 0.000960 seconds.
  path: Assets/PaquetesExternos/Low Poly Graveyard/Models/cross3.FBX
  artifactKey: Guid(0d64ef243d84f914cb89a82cafc2c628) Importer(815301076,1909f56bfc062723c751e8b465ee728b)
Start importing Assets/PaquetesExternos/Low Poly Graveyard/Models/cross3.FBX using Guid(0d64ef243d84f914cb89a82cafc2c628) Importer(815301076,1909f56bfc062723c751e8b465ee728b)  -> (artifact id: '69dbf851fe25e85e7d27be4747c4077a') in 0.350346 seconds 
  Import took 0.370035 seconds .

========================================================================
Received Import Request.
  Time since last request: 0.000175 seconds.
  path: Assets/PaquetesExternos/Low Poly Graveyard/Models/humanchest.FBX
  artifactKey: Guid(07d0fb17c59ad39419a2947b0a5054c1) Importer(815301076,1909f56bfc062723c751e8b465ee728b)
Start importing Assets/PaquetesExternos/Low Poly Graveyard/Models/humanchest.FBX using Guid(07d0fb17c59ad39419a2947b0a5054c1) Importer(815301076,1909f56bfc062723c751e8b465ee728b)  -> (artifact id: '8eb386a3e4a6e40b81a9d515e80e99e1') in 0.291364 seconds 
  Import took 0.318771 seconds .

========================================================================
Received Import Request.
  Time since last request: 0.000816 seconds.
  path: Assets/PaquetesExternos/Low Poly Graveyard/Models/grass.FBX
  artifactKey: Guid(3dabb227366c8d848a87496a45886050) Importer(815301076,1909f56bfc062723c751e8b465ee728b)
Start importing Assets/PaquetesExternos/Low Poly Graveyard/Models/grass.FBX using Guid(3dabb227366c8d848a87496a45886050) Importer(815301076,1909f56bfc062723c751e8b465ee728b)  -> (artifact id: 'aee79f8c0c9a647047dec55f67537b4e') in 0.384848 seconds 
  Import took 0.920266 seconds .

========================================================================
Received Import Request.
  Time since last request: 0.000719 seconds.
  path: Assets/PaquetesExternos/Low Poly Graveyard/Models/brokencross1.FBX
  artifactKey: Guid(a3a9c44bdb59aa64d8ffd4ab3ea8bb71) Importer(815301076,1909f56bfc062723c751e8b465ee728b)
Start importing Assets/PaquetesExternos/Low Poly Graveyard/Models/brokencross1.FBX using Guid(a3a9c44bdb59aa64d8ffd4ab3ea8bb71) Importer(815301076,1909f56bfc062723c751e8b465ee728b)  -> (artifact id: '48cd6b0640b3770585bf80c52b1fd6ef') in 0.350630 seconds 
  Import took 0.397182 seconds .

========================================================================
Received Import Request.
  Time since last request: 0.000856 seconds.
  path: Assets/PaquetesExternos/Low Poly Graveyard/Models/coffinroof.FBX
  artifactKey: Guid(7e9a41d2b81733a4589a30d664c33824) Importer(815301076,1909f56bfc062723c751e8b465ee728b)
Start importing Assets/PaquetesExternos/Low Poly Graveyard/Models/coffinroof.FBX using Guid(7e9a41d2b81733a4589a30d664c33824) Importer(815301076,1909f56bfc062723c751e8b465ee728b)  -> (artifact id: 'd266d57a69457930c666a2cfbc19f179') in 0.380839 seconds 
  Import took 0.410878 seconds .

========================================================================
Received Import Request.
  Time since last request: 0.002217 seconds.
  path: Assets/PaquetesExternos/Low Poly Graveyard/Models/BigTomb.FBX
  artifactKey: Guid(063116c25d480f24087ab73b47ce40d0) Importer(815301076,1909f56bfc062723c751e8b465ee728b)
Start importing Assets/PaquetesExternos/Low Poly Graveyard/Models/BigTomb.FBX using Guid(063116c25d480f24087ab73b47ce40d0) Importer(815301076,1909f56bfc062723c751e8b465ee728b)  -> (artifact id: 'f7903c79b9869dfc07f2a612102a7406') in 0.182864 seconds 
  Import took 0.196641 seconds .

========================================================================
Received Import Request.
  Time since last request: 0.000630 seconds.
  path: Assets/PaquetesExternos/Low Poly Graveyard/Models/cross1.FBX
  artifactKey: Guid(c46b0446c51022b409e2b1728027b4e3) Importer(815301076,1909f56bfc062723c751e8b465ee728b)
Start importing Assets/PaquetesExternos/Low Poly Graveyard/Models/cross1.FBX using Guid(c46b0446c51022b409e2b1728027b4e3) Importer(815301076,1909f56bfc062723c751e8b465ee728b)  -> (artifact id: 'b5ddc9daff168f40595d009bb3407e94') in 0.272070 seconds 
  Import took 0.361909 seconds .

========================================================================
Received Import Request.
  Time since last request: 0.000186 seconds.
  path: Assets/PaquetesExternos/Low Poly Graveyard/Models/grave6.FBX
  artifactKey: Guid(f7ca56181e589ab449900c5436b8c226) Importer(815301076,1909f56bfc062723c751e8b465ee728b)
Start importing Assets/PaquetesExternos/Low Poly Graveyard/Models/grave6.FBX using Guid(f7ca56181e589ab449900c5436b8c226) Importer(815301076,1909f56bfc062723c751e8b465ee728b)  -> (artifact id: '68a1cf316016de8cd25ab78b4362aa9c') in 0.209841 seconds 
  Import took 0.241401 seconds .

========================================================================
Received Import Request.
  Time since last request: 0.000698 seconds.
  path: Assets/PaquetesExternos/Low Poly Graveyard/Models/tombstone2.FBX
  artifactKey: Guid(d7dd5d49b299069468a8e0850c1dc4af) Importer(815301076,1909f56bfc062723c751e8b465ee728b)
Start importing Assets/PaquetesExternos/Low Poly Graveyard/Models/tombstone2.FBX using Guid(d7dd5d49b299069468a8e0850c1dc4af) Importer(815301076,1909f56bfc062723c751e8b465ee728b)  -> (artifact id: '4200bcc78e932f0c72dc16f699e32134') in 0.343572 seconds 
  Import took 0.377858 seconds .

========================================================================
Received Import Request.
  Time since last request: 0.000202 seconds.
  path: Assets/PaquetesExternos/Low Poly Graveyard/Models/grave2.FBX
  artifactKey: Guid(70d64631d5fac254ca0244425c0d40f8) Importer(815301076,1909f56bfc062723c751e8b465ee728b)
Start importing Assets/PaquetesExternos/Low Poly Graveyard/Models/grave2.FBX using Guid(70d64631d5fac254ca0244425c0d40f8) Importer(815301076,1909f56bfc062723c751e8b465ee728b)  -> (artifact id: '4df143208ba5fcac7b2d826a64dd6af7') in 0.201809 seconds 
  Import took 0.242190 seconds .

========================================================================
Received Import Request.
  Time since last request: 0.000638 seconds.
  path: Assets/PaquetesExternos/Low Poly Graveyard/Models/grave8.FBX
  artifactKey: Guid(ebb1e5abeab6af84e8dc8b555aadcc34) Importer(815301076,1909f56bfc062723c751e8b465ee728b)
Start importing Assets/PaquetesExternos/Low Poly Graveyard/Models/grave8.FBX using Guid(ebb1e5abeab6af84e8dc8b555aadcc34) Importer(815301076,1909f56bfc062723c751e8b465ee728b)  -> (artifact id: '39d32afe0e2e20d8f1213afa5ac7e5e7') in 0.220685 seconds 
  Import took 0.233636 seconds .

========================================================================
Received Import Request.
  Time since last request: 0.000619 seconds.
  path: Assets/PaquetesExternos/Low Poly Graveyard/Models/vase.FBX
  artifactKey: Guid(dd68f2016fce4124cab3c25991572b11) Importer(815301076,1909f56bfc062723c751e8b465ee728b)
Start importing Assets/PaquetesExternos/Low Poly Graveyard/Models/vase.FBX using Guid(dd68f2016fce4124cab3c25991572b11) Importer(815301076,1909f56bfc062723c751e8b465ee728b)  -> (artifact id: '68c8a2572205844ed682d47155f2d464') in 0.238677 seconds 
  Import took 0.253140 seconds .

========================================================================
Received Import Request.
  Time since last request: 0.000536 seconds.
  path: Assets/PaquetesExternos/Low Poly Graveyard/Models/tombstone1.FBX
  artifactKey: Guid(42f2040d9f2e7f7499bf78ca1a1a1ad0) Importer(815301076,1909f56bfc062723c751e8b465ee728b)
Start importing Assets/PaquetesExternos/Low Poly Graveyard/Models/tombstone1.FBX using Guid(42f2040d9f2e7f7499bf78ca1a1a1ad0) Importer(815301076,1909f56bfc062723c751e8b465ee728b)  -> (artifact id: '550399154418da7c82341e49e026306e') in 0.238379 seconds 
  Import took 0.249973 seconds .

========================================================================
Received Import Request.
  Time since last request: 0.000640 seconds.
  path: Assets/PaquetesExternos/Low Poly Graveyard/Models/skeleton.FBX
  artifactKey: Guid(01e62327c0e72c94f9c1e8a1fc6d68b3) Importer(815301076,1909f56bfc062723c751e8b465ee728b)
Start importing Assets/PaquetesExternos/Low Poly Graveyard/Models/skeleton.FBX using Guid(01e62327c0e72c94f9c1e8a1fc6d68b3) Importer(815301076,1909f56bfc062723c751e8b465ee728b)  -> (artifact id: '6cfa348ff6625ce36c6db4237f5488b5') in 0.203206 seconds 
  Import took 0.235867 seconds .

========================================================================
Received Import Request.
  Time since last request: 0.000721 seconds.
  path: Assets/PaquetesExternos/Low Poly Graveyard/Models/brokentombstone3.FBX
  artifactKey: Guid(52814c124c75f3e458fd5dad9d48dd14) Importer(815301076,1909f56bfc062723c751e8b465ee728b)
Start importing Assets/PaquetesExternos/Low Poly Graveyard/Models/brokentombstone3.FBX using Guid(52814c124c75f3e458fd5dad9d48dd14) Importer(815301076,1909f56bfc062723c751e8b465ee728b)  -> (artifact id: 'fd04ef9a3ca80811d27b5c51ef935836') in 0.227562 seconds 
  Import took 0.272103 seconds .

========================================================================
Received Import Request.
  Time since last request: 0.000370 seconds.
  path: Assets/PaquetesExternos/Low Poly Graveyard/Models/buried grave1.FBX
  artifactKey: Guid(8d8f165d4ea5e0649ad1473b2f3feb77) Importer(815301076,1909f56bfc062723c751e8b465ee728b)
Start importing Assets/PaquetesExternos/Low Poly Graveyard/Models/buried grave1.FBX using Guid(8d8f165d4ea5e0649ad1473b2f3feb77) Importer(815301076,1909f56bfc062723c751e8b465ee728b)  -> (artifact id: '15fcfbfb366c350d29b5ac68dbff602b') in 0.227083 seconds 
  Import took 0.242855 seconds .

========================================================================
Received Import Request.
  Time since last request: 0.000190 seconds.
  path: Assets/PaquetesExternos/Low Poly Graveyard/Models/bone2.FBX
  artifactKey: Guid(33cf65990f2f5014aa4fb3d0fde4a120) Importer(815301076,1909f56bfc062723c751e8b465ee728b)
Start importing Assets/PaquetesExternos/Low Poly Graveyard/Models/bone2.FBX using Guid(33cf65990f2f5014aa4fb3d0fde4a120) Importer(815301076,1909f56bfc062723c751e8b465ee728b)  -> (artifact id: 'c4dda474a500c9f03cbb4efa7d55a8a3') in 0.333530 seconds 
  Import took 0.350122 seconds .

========================================================================
Received Import Request.
  Time since last request: 0.000906 seconds.
  path: Assets/PaquetesExternos/Low Poly Graveyard/Models/brokentombstone1.FBX
  artifactKey: Guid(7ef0ae688626e0f4b813e50789481bf6) Importer(815301076,1909f56bfc062723c751e8b465ee728b)
Start importing Assets/PaquetesExternos/Low Poly Graveyard/Models/brokentombstone1.FBX using Guid(7ef0ae688626e0f4b813e50789481bf6) Importer(815301076,1909f56bfc062723c751e8b465ee728b)  -> (artifact id: 'f22ae19e2980c710905034720afc8d5a') in 0.210499 seconds 
  Import took 0.224427 seconds .

========================================================================
Received Import Request.
  Time since last request: 0.000654 seconds.
  path: Assets/PaquetesExternos/Low Poly Graveyard/Models/shovel.FBX
  artifactKey: Guid(0752204d774b4a640974f78f0925ed66) Importer(815301076,1909f56bfc062723c751e8b465ee728b)
Start importing Assets/PaquetesExternos/Low Poly Graveyard/Models/shovel.FBX using Guid(0752204d774b4a640974f78f0925ed66) Importer(815301076,1909f56bfc062723c751e8b465ee728b)  -> (artifact id: '000a505bf971a9828b8941f9199c7f06') in 0.204330 seconds 
  Import took 0.220167 seconds .

========================================================================
Received Import Request.
  Time since last request: 0.000686 seconds.
  path: Assets/PaquetesExternos/Low Poly Graveyard/Models/flower3.FBX
  artifactKey: Guid(a690ec7d148541543946d781b573707d) Importer(815301076,1909f56bfc062723c751e8b465ee728b)
Start importing Assets/PaquetesExternos/Low Poly Graveyard/Models/flower3.FBX using Guid(a690ec7d148541543946d781b573707d) Importer(815301076,1909f56bfc062723c751e8b465ee728b)  -> (artifact id: 'ef3e1f2fa3fc0d8d105074fbd8ab307f') in 0.321395 seconds 
  Import took 0.335655 seconds .

========================================================================
Received Import Request.
  Time since last request: 0.000194 seconds.
  path: Assets/PaquetesExternos/Low Poly Graveyard/Models/BigTomb2.FBX
  artifactKey: Guid(dab64ad3e16e8d942b56af5f95a96140) Importer(815301076,1909f56bfc062723c751e8b465ee728b)
Start importing Assets/PaquetesExternos/Low Poly Graveyard/Models/BigTomb2.FBX using Guid(dab64ad3e16e8d942b56af5f95a96140) Importer(815301076,1909f56bfc062723c751e8b465ee728b)  -> (artifact id: 'd7a343486d597d675b1f8cdd3f491f42') in 0.168946 seconds 
  Import took 0.216051 seconds .

========================================================================
Received Import Request.
  Time since last request: 0.000704 seconds.
  path: Assets/PaquetesExternos/Low Poly Graveyard/Models/sjull.FBX
  artifactKey: Guid(955e678bf94f23a49b818b42959b28e1) Importer(815301076,1909f56bfc062723c751e8b465ee728b)
Start importing Assets/PaquetesExternos/Low Poly Graveyard/Models/sjull.FBX using Guid(955e678bf94f23a49b818b42959b28e1) Importer(815301076,1909f56bfc062723c751e8b465ee728b)  -> (artifact id: '4614b33680226f274e4fa28b48aa73f8') in 0.154772 seconds 
  Import took 0.186015 seconds .

========================================================================
Received Import Request.
  Time since last request: 0.000173 seconds.
  path: Assets/PaquetesExternos/Low Poly Graveyard/Models/tombstone4.FBX
  artifactKey: Guid(8aae458780c283a439285deda19b0c71) Importer(815301076,1909f56bfc062723c751e8b465ee728b)
Start importing Assets/PaquetesExternos/Low Poly Graveyard/Models/tombstone4.FBX using Guid(8aae458780c283a439285deda19b0c71) Importer(815301076,1909f56bfc062723c751e8b465ee728b)  -> (artifact id: 'f7467b645dab8300f257678f096fd4dc') in 0.142325 seconds 
  Import took 0.235197 seconds .

========================================================================
Received Import Request.
  Time since last request: 0.000814 seconds.
  path: Assets/PaquetesExternos/Low Poly Graveyard/Models/flower1.FBX
  artifactKey: Guid(e35a39b21dd83f6448a11acf8ad4ce09) Importer(815301076,1909f56bfc062723c751e8b465ee728b)
Start importing Assets/PaquetesExternos/Low Poly Graveyard/Models/flower1.FBX using Guid(e35a39b21dd83f6448a11acf8ad4ce09) Importer(815301076,1909f56bfc062723c751e8b465ee728b)  -> (artifact id: 'c0ba4bed2d0fe5df1018be423f2b45ca') in 0.145263 seconds 
  Import took 0.193934 seconds .

========================================================================
Received Import Request.
  Time since last request: 0.000801 seconds.
  path: Assets/PaquetesExternos/Low Poly Graveyard/Models/cross2.FBX
  artifactKey: Guid(f5ff7561fb97a12419c71ae108e71915) Importer(815301076,1909f56bfc062723c751e8b465ee728b)
Start importing Assets/PaquetesExternos/Low Poly Graveyard/Models/cross2.FBX using Guid(f5ff7561fb97a12419c71ae108e71915) Importer(815301076,1909f56bfc062723c751e8b465ee728b)  -> (artifact id: 'c30d88d99d64f08b3e8d6252bb9470c3') in 0.292322 seconds 
  Import took 0.317075 seconds .

========================================================================
Received Import Request.
  Time since last request: 0.000609 seconds.
  path: Assets/PaquetesExternos/Low Poly Graveyard/Models/brokentombstone2.FBX
  artifactKey: Guid(f3ae731c81ea63344a1165baec594d6c) Importer(815301076,1909f56bfc062723c751e8b465ee728b)
Start importing Assets/PaquetesExternos/Low Poly Graveyard/Models/brokentombstone2.FBX using Guid(f3ae731c81ea63344a1165baec594d6c) Importer(815301076,1909f56bfc062723c751e8b465ee728b)  -> (artifact id: 'bd0f878b4c86e33ceea617f2371d8510') in 0.178746 seconds 
  Import took 0.193316 seconds .

========================================================================
Received Import Request.
  Time since last request: 0.000195 seconds.
  path: Assets/PaquetesExternos/Low Poly Graveyard/Models/grave7.FBX
  artifactKey: Guid(cda8dee6f03b0014a940ca76b70a4ae8) Importer(815301076,1909f56bfc062723c751e8b465ee728b)
Start importing Assets/PaquetesExternos/Low Poly Graveyard/Models/grave7.FBX using Guid(cda8dee6f03b0014a940ca76b70a4ae8) Importer(815301076,1909f56bfc062723c751e8b465ee728b)  -> (artifact id: '1ee5f8c3630dc9b3c450e9747102aa2f') in 0.338977 seconds 
  Import took 0.349823 seconds .

========================================================================
Received Import Request.
  Time since last request: 0.000960 seconds.
  path: Assets/PaquetesExternos/Low Poly Graveyard/Models/flower2.FBX
  artifactKey: Guid(69654091c0a829e48a8b6a710ba182d9) Importer(815301076,1909f56bfc062723c751e8b465ee728b)
Start importing Assets/PaquetesExternos/Low Poly Graveyard/Models/flower2.FBX using Guid(69654091c0a829e48a8b6a710ba182d9) Importer(815301076,1909f56bfc062723c751e8b465ee728b)  -> (artifact id: '9162e049a85d6cab8e2a3278ea618eb3') in 0.220148 seconds 
  Import took 0.234221 seconds .

========================================================================
Received Import Request.
  Time since last request: 0.000695 seconds.
  path: Assets/PaquetesExternos/Low Poly Graveyard/Models/bone1.FBX
  artifactKey: Guid(62c0db52ccdf11b489bbf63f858a4bfa) Importer(815301076,1909f56bfc062723c751e8b465ee728b)
Start importing Assets/PaquetesExternos/Low Poly Graveyard/Models/bone1.FBX using Guid(62c0db52ccdf11b489bbf63f858a4bfa) Importer(815301076,1909f56bfc062723c751e8b465ee728b)  -> (artifact id: '456b61af4f640a593b393bf75f223c31') in 0.279414 seconds 
  Import took 0.331152 seconds .

========================================================================
Received Import Request.
  Time since last request: 0.000290 seconds.
  path: Assets/PaquetesExternos/Low Poly Graveyard/Models/brokencross2.FBX
  artifactKey: Guid(db22538a2350eca42b69984921dbd7de) Importer(815301076,1909f56bfc062723c751e8b465ee728b)
Start importing Assets/PaquetesExternos/Low Poly Graveyard/Models/brokencross2.FBX using Guid(db22538a2350eca42b69984921dbd7de) Importer(815301076,1909f56bfc062723c751e8b465ee728b)  -> (artifact id: '1e1c02e273d8173fa942943803ce217d') in 0.487068 seconds 
  Import took 0.531217 seconds .

========================================================================
Received Import Request.
  Time since last request: 0.001182 seconds.
  path: Assets/PaquetesExternos/Low Poly Graveyard/Models/grave5.FBX
  artifactKey: Guid(c74d097345d816d459989fc24ad7a48e) Importer(815301076,1909f56bfc062723c751e8b465ee728b)
Start importing Assets/PaquetesExternos/Low Poly Graveyard/Models/grave5.FBX using Guid(c74d097345d816d459989fc24ad7a48e) Importer(815301076,1909f56bfc062723c751e8b465ee728b)  -> (artifact id: '2b0f80383567ce5c34ecb45d55ab443d') in 0.441998 seconds 
  Import took 0.458898 seconds .

========================================================================
Received Import Request.
  Time since last request: 0.111672 seconds.
  path: Assets/PaquetesExternos/Low Poly Graveyard/Models/coffin.FBX
  artifactKey: Guid(ab362dc39ea4eb145a0261327a28c80c) Importer(815301076,1909f56bfc062723c751e8b465ee728b)
Start importing Assets/PaquetesExternos/Low Poly Graveyard/Models/coffin.FBX using Guid(ab362dc39ea4eb145a0261327a28c80c) Importer(815301076,1909f56bfc062723c751e8b465ee728b)  -> (artifact id: '7a9cf6b0b46a01fb1cf3c9d1e726e884') in 0.374812 seconds 
  Import took 0.403806 seconds .

========================================================================
Received Import Request.
  Time since last request: 0.000929 seconds.
  path: Assets/PaquetesExternos/Low Poly Graveyard/Models/brokentombstone4.FBX
  artifactKey: Guid(4c0d6caccbf87ba47a71416d8c3adc18) Importer(815301076,1909f56bfc062723c751e8b465ee728b)
Start importing Assets/PaquetesExternos/Low Poly Graveyard/Models/brokentombstone4.FBX using Guid(4c0d6caccbf87ba47a71416d8c3adc18) Importer(815301076,1909f56bfc062723c751e8b465ee728b)  -> (artifact id: '145106fa2709134bbdec13d222f676fc') in 0.360200 seconds 
  Import took 0.471089 seconds .

========================================================================
Received Prepare
Registering precompiled user dll's ...
Registered in 0.013494 seconds.
Begin MonoManager ReloadAssembly
Native extension for WindowsStandalone target not found
Refreshing native plugins compatible for Editor in 1.75 ms, found 2 plugins.
Preloading 0 native plugins for Editor in 0.00 ms.
Mono: successfully reloaded assembly
- Completed reload, in  6.147 seconds
Domain Reload Profiling:
	ReloadAssembly (6149ms)
		BeginReloadAssembly (501ms)
			ExecutionOrderSort (0ms)
			DisableScriptedObjects (30ms)
			BackupInstance (0ms)
			ReleaseScriptingObjects (0ms)
			CreateAndSetChildDomain (118ms)
		EndReloadAssembly (5335ms)
			LoadAssemblies (505ms)
			RebuildTransferFunctionScriptingTraits (0ms)
			SetupTypeCache (1589ms)
			ReleaseScriptCaches (3ms)
			RebuildScriptCaches (221ms)
			SetupLoadedEditorAssemblies (2160ms)
				LogAssemblyErrors (0ms)
				InitializePlatformSupportModulesInManaged (24ms)
				SetLoadedEditorAssemblies (2ms)
				RefreshPlugins (2ms)
				BeforeProcessingInitializeOnLoad (721ms)
				ProcessInitializeOnLoadAttributes (1359ms)
				ProcessInitializeOnLoadMethodAttributes (20ms)
				AfterProcessingInitializeOnLoad (31ms)
				EditorAssembliesLoaded (1ms)
			ExecutionOrderSort2 (0ms)
			AwakeInstancesAfterBackupRestoration (33ms)
Platform modules already initialized, skipping
Refreshing native plugins compatible for Editor in 1.47 ms, found 2 plugins.
Preloading 0 native plugins for Editor in 0.00 ms.
Unloading 1502 Unused Serialized files (Serialized files now loaded: 0)
System memory in use before: 104.7 MB.
System memory in use after: 104.4 MB.

Unloading 13 unused Assets to reduce memory usage. Loaded Objects now: 2039.
Total: 51.068993 ms (FindLiveObjects: 0.761210 ms CreateObjectMapping: 0.400331 ms MarkObjects: 14.375685 ms  DeleteObjects: 35.525300 ms)

AssetImportParameters requested are different than current active one (requested -> active):
  custom:framework-win-MediaFoundation: 216162199b28c13a410421893ffa2e32 -> 
  custom:video-decoder-ogg-theora: a1e56fd34408186e4bbccfd4996cb3dc -> 
  custom:container-muxer-webm: aa71ff27fc2769a1b78a27578f13a17b -> 
  custom:container-demuxer-webm: 4f35f7cbe854078d1ac9338744f61a02 -> 
  custom:container-demuxer-ogg: 62fdf1f143b41e24485cea50d1cbac27 -> 
  custom:video-encoder-webm-vp8: eb34c28f22e8b96e1ab97ce403110664 -> 
  custom:video-decoder-webm-vp8: 9c59270c3fd7afecdb556c50c9e8de78 -> 
  custom:audio-decoder-ogg-vorbis: bf7c407c2cedff20999df2af8eb42d56 -> 
  custom:audio-encoder-webm-vorbis: bf7c407c2cedff20999df2af8eb42d56 -> 
========================================================================
Received Prepare
Registering precompiled user dll's ...
Registered in 0.027925 seconds.
Begin MonoManager ReloadAssembly
Native extension for WindowsStandalone target not found
Refreshing native plugins compatible for Editor in 1.63 ms, found 2 plugins.
Preloading 0 native plugins for Editor in 0.00 ms.
Mono: successfully reloaded assembly
- Completed reload, in  6.144 seconds
Domain Reload Profiling:
	ReloadAssembly (6148ms)
		BeginReloadAssembly (476ms)
			ExecutionOrderSort (0ms)
			DisableScriptedObjects (22ms)
			BackupInstance (0ms)
			ReleaseScriptingObjects (1ms)
			CreateAndSetChildDomain (109ms)
		EndReloadAssembly (5340ms)
			LoadAssemblies (496ms)
			RebuildTransferFunctionScriptingTraits (0ms)
			SetupTypeCache (1586ms)
			ReleaseScriptCaches (3ms)
			RebuildScriptCaches (234ms)
			SetupLoadedEditorAssemblies (2201ms)
				LogAssemblyErrors (0ms)
				InitializePlatformSupportModulesInManaged (22ms)
				SetLoadedEditorAssemblies (2ms)
				RefreshPlugins (2ms)
				BeforeProcessingInitializeOnLoad (721ms)
				ProcessInitializeOnLoadAttributes (1407ms)
				ProcessInitializeOnLoadMethodAttributes (22ms)
				AfterProcessingInitializeOnLoad (24ms)
				EditorAssembliesLoaded (2ms)
			ExecutionOrderSort2 (0ms)
			AwakeInstancesAfterBackupRestoration (31ms)
Platform modules already initialized, skipping
Refreshing native plugins compatible for Editor in 1.52 ms, found 2 plugins.
Preloading 0 native plugins for Editor in 0.00 ms.
Unloading 1502 Unused Serialized files (Serialized files now loaded: 0)
System memory in use before: 104.6 MB.
System memory in use after: 104.4 MB.

Unloading 13 unused Assets to reduce memory usage. Loaded Objects now: 2041.
Total: 23.893723 ms (FindLiveObjects: 0.851107 ms CreateObjectMapping: 0.321429 ms MarkObjects: 21.617206 ms  DeleteObjects: 1.098161 ms)

AssetImportParameters requested are different than current active one (requested -> active):
  custom:framework-win-MediaFoundation: 216162199b28c13a410421893ffa2e32 -> 
  custom:video-decoder-ogg-theora: a1e56fd34408186e4bbccfd4996cb3dc -> 
  custom:container-muxer-webm: aa71ff27fc2769a1b78a27578f13a17b -> 
  custom:container-demuxer-webm: 4f35f7cbe854078d1ac9338744f61a02 -> 
  custom:container-demuxer-ogg: 62fdf1f143b41e24485cea50d1cbac27 -> 
  custom:video-encoder-webm-vp8: eb34c28f22e8b96e1ab97ce403110664 -> 
  custom:video-decoder-webm-vp8: 9c59270c3fd7afecdb556c50c9e8de78 -> 
  custom:audio-decoder-ogg-vorbis: bf7c407c2cedff20999df2af8eb42d56 -> 
  custom:audio-encoder-webm-vorbis: bf7c407c2cedff20999df2af8eb42d56 -> 
========================================================================
Received Prepare
Registering precompiled user dll's ...
Registered in 0.031486 seconds.
Begin MonoManager ReloadAssembly
Native extension for WindowsStandalone target not found
Refreshing native plugins compatible for Editor in 2.17 ms, found 2 plugins.
Preloading 0 native plugins for Editor in 0.00 ms.
Mono: successfully reloaded assembly
- Completed reload, in  5.862 seconds
Domain Reload Profiling:
	ReloadAssembly (5864ms)
		BeginReloadAssembly (498ms)
			ExecutionOrderSort (0ms)
			DisableScriptedObjects (26ms)
			BackupInstance (0ms)
			ReleaseScriptingObjects (0ms)
			CreateAndSetChildDomain (124ms)
		EndReloadAssembly (4965ms)
			LoadAssemblies (529ms)
			RebuildTransferFunctionScriptingTraits (0ms)
			SetupTypeCache (1830ms)
			ReleaseScriptCaches (3ms)
			RebuildScriptCaches (265ms)
			SetupLoadedEditorAssemblies (1658ms)
				LogAssemblyErrors (0ms)
				InitializePlatformSupportModulesInManaged (26ms)
				SetLoadedEditorAssemblies (2ms)
				RefreshPlugins (3ms)
				BeforeProcessingInitializeOnLoad (469ms)
				ProcessInitializeOnLoadAttributes (1102ms)
				ProcessInitializeOnLoadMethodAttributes (23ms)
				AfterProcessingInitializeOnLoad (31ms)
				EditorAssembliesLoaded (2ms)
			ExecutionOrderSort2 (0ms)
			AwakeInstancesAfterBackupRestoration (42ms)
Platform modules already initialized, skipping
Refreshing native plugins compatible for Editor in 1.98 ms, found 2 plugins.
Preloading 0 native plugins for Editor in 0.00 ms.
Unloading 1502 Unused Serialized files (Serialized files now loaded: 0)
System memory in use before: 104.7 MB.
System memory in use after: 104.4 MB.

Unloading 13 unused Assets to reduce memory usage. Loaded Objects now: 2043.
Total: 15.534639 ms (FindLiveObjects: 0.773498 ms CreateObjectMapping: 0.268396 ms MarkObjects: 12.974204 ms  DeleteObjects: 1.513366 ms)

AssetImportParameters requested are different than current active one (requested -> active):
  custom:framework-win-MediaFoundation: 216162199b28c13a410421893ffa2e32 -> 
  custom:video-decoder-ogg-theora: a1e56fd34408186e4bbccfd4996cb3dc -> 
  custom:container-muxer-webm: aa71ff27fc2769a1b78a27578f13a17b -> 
  custom:container-demuxer-webm: 4f35f7cbe854078d1ac9338744f61a02 -> 
  custom:container-demuxer-ogg: 62fdf1f143b41e24485cea50d1cbac27 -> 
  custom:video-encoder-webm-vp8: eb34c28f22e8b96e1ab97ce403110664 -> 
  custom:video-decoder-webm-vp8: 9c59270c3fd7afecdb556c50c9e8de78 -> 
  custom:audio-decoder-ogg-vorbis: bf7c407c2cedff20999df2af8eb42d56 -> 
  custom:audio-encoder-webm-vorbis: bf7c407c2cedff20999df2af8eb42d56 -> 
AssetImportWorkerClient::OnTransportError - code=2 error=End of file
